<?xml version="1.0" encoding="UTF-8"?>
<coverage generated="1532182095230" clover="3.2.0">
  <project timestamp="1532182095230" name="All files">
    <metrics statements="190" coveredstatements="80" conditionals="354" coveredconditionals="26" methods="76" coveredmethods="24" elements="620" coveredelements="130" complexity="0" loc="190" ncloc="190" packages="3" files="5" classes="5">
      <package name="coverage.lcov-report">
        <metrics statements="105" coveredstatements="0" conditionals="321" coveredconditionals="0" methods="52" coveredmethods="0"/>
        <file name="block-navigation.js" path="/Users/stinodes/projects/ixortalk/ixortalk-client/coverage/lcov-report/block-navigation.js">
          <metrics statements="27" coveredstatements="0" conditionals="15" coveredconditionals="0" methods="6" coveredmethods="0"/>
          <line num="1" count="0" type="stmt"/>
          <line num="3" count="0" type="stmt"/>
          <line num="6" count="0" type="stmt"/>
          <line num="9" count="0" type="stmt"/>
          <line num="12" count="0" type="stmt"/>
          <line num="17" count="0" type="stmt"/>
          <line num="18" count="0" type="stmt"/>
          <line num="22" count="0" type="stmt"/>
          <line num="23" count="0" type="stmt"/>
          <line num="24" count="0" type="stmt"/>
          <line num="29" count="0" type="stmt"/>
          <line num="30" count="0" type="cond" truecount="0" falsecount="4"/>
          <line num="31" count="0" type="stmt"/>
          <line num="32" count="0" type="cond" truecount="0" falsecount="2"/>
          <line num="33" count="0" type="stmt"/>
          <line num="36" count="0" type="stmt"/>
          <line num="40" count="0" type="stmt"/>
          <line num="42" count="0" type="cond" truecount="0" falsecount="4"/>
          <line num="43" count="0" type="stmt"/>
          <line num="46" count="0" type="stmt"/>
          <line num="49" count="0" type="stmt"/>
          <line num="50" count="0" type="stmt"/>
          <line num="53" count="0" type="stmt"/>
          <line num="54" count="0" type="stmt"/>
          <line num="58" count="0" type="stmt"/>
          <line num="59" count="0" type="stmt"/>
          <line num="63" count="0" type="stmt"/>
        </file>
        <file name="prettify.js" path="/Users/stinodes/projects/ixortalk/ixortalk-client/coverage/lcov-report/prettify.js">
          <metrics statements="1" coveredstatements="0" conditionals="284" coveredconditionals="0" methods="29" coveredmethods="0"/>
          <line num="1" count="0" type="cond" truecount="0" falsecount="284"/>
        </file>
        <file name="sorter.js" path="/Users/stinodes/projects/ixortalk/ixortalk-client/coverage/lcov-report/sorter.js">
          <metrics statements="77" coveredstatements="0" conditionals="22" coveredconditionals="0" methods="17" coveredmethods="0"/>
          <line num="1" count="0" type="stmt"/>
          <line num="4" count="0" type="stmt"/>
          <line num="10" count="0" type="stmt"/>
          <line num="12" count="0" type="stmt"/>
          <line num="14" count="0" type="stmt"/>
          <line num="16" count="0" type="stmt"/>
          <line num="20" count="0" type="stmt"/>
          <line num="22" count="0" type="stmt"/>
          <line num="26" count="0" type="stmt"/>
          <line num="27" count="0" type="stmt"/>
          <line num="28" count="0" type="stmt"/>
          <line num="33" count="0" type="stmt"/>
          <line num="34" count="0" type="cond" truecount="0" falsecount="2"/>
          <line num="35" count="0" type="stmt"/>
          <line num="36" count="0" type="stmt"/>
          <line num="39" count="0" type="stmt"/>
          <line num="44" count="0" type="stmt"/>
          <line num="47" count="0" type="stmt"/>
          <line num="50" count="0" type="stmt"/>
          <line num="51" count="0" type="stmt"/>
          <line num="52" count="0" type="stmt"/>
          <line num="53" count="0" type="stmt"/>
          <line num="54" count="0" type="cond" truecount="0" falsecount="2"/>
          <line num="55" count="0" type="stmt"/>
          <line num="57" count="0" type="stmt"/>
          <line num="59" count="0" type="stmt"/>
          <line num="63" count="0" type="stmt"/>
          <line num="66" count="0" type="stmt"/>
          <line num="67" count="0" type="stmt"/>
          <line num="72" count="0" type="stmt"/>
          <line num="73" count="0" type="stmt"/>
          <line num="74" count="0" type="stmt"/>
          <line num="75" count="0" type="stmt"/>
          <line num="76" count="0" type="cond" truecount="0" falsecount="4"/>
          <line num="78" count="0" type="stmt"/>
          <line num="79" count="0" type="stmt"/>
          <line num="80" count="0" type="stmt"/>
          <line num="81" count="0" type="stmt"/>
          <line num="84" count="0" type="cond" truecount="0" falsecount="2"/>
          <line num="85" count="0" type="stmt"/>
          <line num="86" count="0" type="stmt"/>
          <line num="90" count="0" type="stmt"/>
          <line num="91" count="0" type="stmt"/>
          <line num="92" count="0" type="stmt"/>
          <line num="95" count="0" type="stmt"/>
          <line num="97" count="0" type="stmt"/>
          <line num="98" count="0" type="stmt"/>
          <line num="103" count="0" type="stmt"/>
          <line num="104" count="0" type="stmt"/>
          <line num="106" count="0" type="stmt"/>
          <line num="107" count="0" type="stmt"/>
          <line num="111" count="0" type="cond" truecount="0" falsecount="2"/>
          <line num="117" count="0" type="stmt"/>
          <line num="118" count="0" type="stmt"/>
          <line num="120" count="0" type="stmt"/>
          <line num="121" count="0" type="stmt"/>
          <line num="123" count="0" type="cond" truecount="0" falsecount="2"/>
          <line num="124" count="0" type="stmt"/>
          <line num="126" count="0" type="stmt"/>
          <line num="127" count="0" type="stmt"/>
          <line num="128" count="0" type="stmt"/>
          <line num="129" count="0" type="stmt"/>
          <line num="130" count="0" type="stmt"/>
          <line num="133" count="0" type="stmt"/>
          <line num="134" count="0" type="cond" truecount="0" falsecount="2"/>
          <line num="137" count="0" type="stmt"/>
          <line num="138" count="0" type="cond" truecount="0" falsecount="2"/>
          <line num="139" count="0" type="stmt"/>
          <line num="141" count="0" type="stmt"/>
          <line num="147" count="0" type="stmt"/>
          <line num="148" count="0" type="cond" truecount="0" falsecount="2"/>
          <line num="149" count="0" type="stmt"/>
          <line num="151" count="0" type="stmt"/>
          <line num="152" count="0" type="stmt"/>
          <line num="153" count="0" type="stmt"/>
          <line num="154" count="0" type="stmt"/>
          <line num="158" count="0" type="stmt"/>
        </file>
      </package>
      <package name="src">
        <metrics statements="82" coveredstatements="77" conditionals="33" coveredconditionals="26" methods="23" coveredmethods="23"/>
        <file name="client.js" path="/Users/stinodes/projects/ixortalk/ixortalk-client/src/client.js">
          <metrics statements="82" coveredstatements="77" conditionals="33" coveredconditionals="26" methods="23" coveredmethods="23"/>
          <line num="27" count="52" type="cond" truecount="3" falsecount="0"/>
          <line num="29" count="154" type="stmt"/>
          <line num="31" count="1" type="stmt"/>
          <line num="32" count="20" type="stmt"/>
          <line num="33" count="20" type="cond" truecount="1" falsecount="1"/>
          <line num="34" count="20" type="stmt"/>
          <line num="35" count="20" type="cond" truecount="1" falsecount="1"/>
          <line num="37" count="0" type="stmt"/>
          <line num="39" count="1" type="stmt"/>
          <line num="40" count="32" type="stmt"/>
          <line num="41" count="32" type="cond" truecount="1" falsecount="1"/>
          <line num="42" count="32" type="stmt"/>
          <line num="43" count="32" type="cond" truecount="4" falsecount="0"/>
          <line num="44" count="9" type="stmt"/>
          <line num="48" count="9" type="stmt"/>
          <line num="51" count="23" type="stmt"/>
          <line num="54" count="0" type="stmt"/>
          <line num="57" count="1" type="stmt"/>
          <line num="58" count="32" type="stmt"/>
          <line num="59" count="32" type="cond" truecount="1" falsecount="1"/>
          <line num="60" count="32" type="cond" truecount="2" falsecount="0"/>
          <line num="61" count="9" type="stmt"/>
          <line num="62" count="9" type="stmt"/>
          <line num="65" count="23" type="stmt"/>
          <line num="66" count="23" type="stmt"/>
          <line num="68" count="32" type="stmt"/>
          <line num="69" count="32" type="stmt"/>
          <line num="73" count="1" type="stmt"/>
          <line num="74" count="33" type="stmt"/>
          <line num="76" count="33" type="cond" truecount="4" falsecount="1"/>
          <line num="77" count="0" type="stmt"/>
          <line num="79" count="33" type="stmt"/>
          <line num="83" count="50" type="stmt"/>
          <line num="86" count="0" type="stmt"/>
          <line num="93" count="1" type="stmt"/>
          <line num="94" count="22" type="stmt"/>
          <line num="95" count="22" type="stmt"/>
          <line num="96" count="22" type="stmt"/>
          <line num="98" count="1" type="stmt"/>
          <line num="99" count="23" type="stmt"/>
          <line num="100" count="20" type="stmt"/>
          <line num="101" count="20" type="stmt"/>
          <line num="103" count="20" type="stmt"/>
          <line num="113" count="156" type="cond" truecount="3" falsecount="0"/>
          <line num="114" count="2" type="stmt"/>
          <line num="116" count="1" type="stmt"/>
          <line num="117" count="10" type="stmt"/>
          <line num="118" count="9" type="stmt"/>
          <line num="120" count="1" type="stmt"/>
          <line num="121" count="4" type="stmt"/>
          <line num="122" count="4" type="stmt"/>
          <line num="124" count="1" type="stmt"/>
          <line num="125" count="1" type="stmt"/>
          <line num="126" count="1" type="stmt"/>
          <line num="128" count="1" type="stmt"/>
          <line num="129" count="1" type="stmt"/>
          <line num="130" count="1" type="stmt"/>
          <line num="132" count="1" type="stmt"/>
          <line num="133" count="1" type="stmt"/>
          <line num="134" count="1" type="stmt"/>
          <line num="137" count="1" type="stmt"/>
          <line num="138" count="3" type="stmt"/>
          <line num="139" count="3" type="cond" truecount="1" falsecount="1"/>
          <line num="140" count="0" type="stmt"/>
          <line num="142" count="3" type="stmt"/>
          <line num="146" count="1" type="cond" truecount="1" falsecount="0"/>
          <line num="147" count="17" type="stmt"/>
          <line num="148" count="17" type="stmt"/>
          <line num="150" count="1" type="cond" truecount="1" falsecount="0"/>
          <line num="151" count="1" type="stmt"/>
          <line num="153" count="1" type="cond" truecount="1" falsecount="0"/>
          <line num="154" count="1" type="stmt"/>
          <line num="156" count="1" type="cond" truecount="0" falsecount="1"/>
          <line num="157" count="1" type="stmt"/>
          <line num="159" count="1" type="cond" truecount="1" falsecount="0"/>
          <line num="160" count="1" type="stmt"/>
          <line num="162" count="1" type="cond" truecount="1" falsecount="0"/>
          <line num="163" count="1" type="stmt"/>
          <line num="166" count="1" type="stmt"/>
          <line num="168" count="1" type="stmt"/>
          <line num="172" count="2" type="stmt"/>
          <line num="181" count="2" type="stmt"/>
        </file>
      </package>
      <package name="src.Methods">
        <metrics statements="3" coveredstatements="3" conditionals="0" coveredconditionals="0" methods="1" coveredmethods="1"/>
        <file name="resetPassword.js" path="/Users/stinodes/projects/ixortalk/ixortalk-client/src/Methods/resetPassword.js">
          <metrics statements="3" coveredstatements="3" conditionals="0" coveredconditionals="0" methods="1" coveredmethods="1"/>
          <line num="5" count="1" type="stmt"/>
          <line num="6" count="1" type="stmt"/>
          <line num="9" count="1" type="stmt"/>
        </file>
      </package>
    </metrics>
  </project>
</coverage>
